<?xml version="1.0" encoding="UTF-8"?>
<testng-results ignored="0" total="1" passed="0" failed="1" skipped="0">
  <reporter-output>
  </reporter-output>
  <suite started-at="2023-02-18T14:58:28 IST" name="Suite" finished-at="2023-02-18T14:59:48 IST" duration-ms="80625">
    <groups>
    </groups>
    <test started-at="2023-02-18T14:58:28 IST" name="LawsuitsPagesTest" finished-at="2023-02-18T14:59:48 IST" duration-ms="80625">
      <class name="dd.fleetstudio.Tests.LawsuitsPagesTest">
        <test-method is-config="true" signature="launchApplication()[pri:0, instance:dd.fleetstudio.Tests.LawsuitsPagesTest@6be968ce]" started-at="2023-02-18T14:58:28 IST" name="launchApplication" finished-at="2023-02-18T14:58:46 IST" duration-ms="18659" status="PASS">
          <reporter-output>
          </reporter-output>
        </test-method> <!-- launchApplication -->
        <test-method signature="Lawsuits()[pri:1, instance:dd.fleetstudio.Tests.LawsuitsPagesTest@6be968ce]" started-at="2023-02-18T14:58:46 IST" name="Lawsuits" finished-at="2023-02-18T14:59:46 IST" duration-ms="59769" status="FAIL">
          <exception class="java.lang.AssertionError">
            <message>
              <![CDATA[expected [BRAULIO THORNE v. 11 TRADING COMPANY LLC<Changed to fail the assertion>] but found [BRAULIO THORNE v. 11 TRADING COMPANY LLC]]]>
            </message>
            <full-stacktrace>
              <![CDATA[java.lang.AssertionError: expected [BRAULIO THORNE v. 11 TRADING COMPANY LLC<Changed to fail the assertion>] but found [BRAULIO THORNE v. 11 TRADING COMPANY LLC]
at org.testng.Assert.fail(Assert.java:99)
at org.testng.Assert.failNotEquals(Assert.java:1037)
at org.testng.Assert.assertEqualsImpl(Assert.java:140)
at org.testng.Assert.assertEquals(Assert.java:122)
at org.testng.Assert.assertEquals(Assert.java:629)
at org.testng.Assert.assertEquals(Assert.java:639)
at dd.fleetstudio.Tests.LawsuitsPagesTest.Lawsuits(LawsuitsPagesTest.java:26)
at java.base/jdk.internal.reflect.DirectMethodHandleAccessor.invoke(DirectMethodHandleAccessor.java:104)
at java.base/java.lang.reflect.Method.invoke(Method.java:577)
at org.testng.internal.MethodInvocationHelper.invokeMethod(MethodInvocationHelper.java:133)
at org.testng.internal.TestInvoker.invokeMethod(TestInvoker.java:598)
at org.testng.internal.TestInvoker.invokeTestMethod(TestInvoker.java:173)
at org.testng.internal.MethodRunner.runInSequence(MethodRunner.java:46)
at org.testng.internal.TestInvoker$MethodInvocationAgent.invoke(TestInvoker.java:824)
at org.testng.internal.TestInvoker.invokeTestMethods(TestInvoker.java:146)
at org.testng.internal.TestMethodWorker.invokeTestMethods(TestMethodWorker.java:146)
at org.testng.internal.TestMethodWorker.run(TestMethodWorker.java:128)
at java.base/java.util.ArrayList.forEach(ArrayList.java:1511)
at org.testng.TestRunner.privateRun(TestRunner.java:794)
at org.testng.TestRunner.run(TestRunner.java:596)
at org.testng.SuiteRunner.runTest(SuiteRunner.java:377)
at org.testng.SuiteRunner.runSequentially(SuiteRunner.java:371)
at org.testng.SuiteRunner.privateRun(SuiteRunner.java:332)
at org.testng.SuiteRunner.run(SuiteRunner.java:276)
at org.testng.SuiteRunnerWorker.runSuite(SuiteRunnerWorker.java:53)
at org.testng.SuiteRunnerWorker.run(SuiteRunnerWorker.java:96)
at org.testng.TestNG.runSuitesSequentially(TestNG.java:1212)
at org.testng.TestNG.runSuitesLocally(TestNG.java:1134)
at org.testng.TestNG.runSuites(TestNG.java:1063)
at org.testng.TestNG.run(TestNG.java:1031)
at org.testng.remote.AbstractRemoteTestNG.run(AbstractRemoteTestNG.java:115)
at org.testng.remote.RemoteTestNG.initAndRun(RemoteTestNG.java:251)
at org.testng.remote.RemoteTestNG.main(RemoteTestNG.java:77)
]]>
            </full-stacktrace>
          </exception> <!-- java.lang.AssertionError -->
          <reporter-output>
          </reporter-output>
        </test-method> <!-- Lawsuits -->
        <test-method is-config="true" signature="tearDown()[pri:0, instance:dd.fleetstudio.Tests.LawsuitsPagesTest@6be968ce]" started-at="2023-02-18T14:59:47 IST" name="tearDown" finished-at="2023-02-18T14:59:48 IST" duration-ms="1323" status="PASS">
          <reporter-output>
          </reporter-output>
        </test-method> <!-- tearDown -->
      </class> <!-- dd.fleetstudio.Tests.LawsuitsPagesTest -->
    </test> <!-- LawsuitsPagesTest -->
  </suite> <!-- Suite -->
</testng-results>
